<?xml version="1.0" encoding="UTF-8"?>
<!-- Generated by org.testng.reporters.JUnitReportReporter -->
<testsuite hostname="Fatima" failures="0" tests="3" name="testng_parallel.testng_parallel" time="15.261" errors="0" timestamp="2024-10-08T03:27:46 IST" skipped="0">
  <testcase classname="testng_parallel.testng_parallel" name="test2" time="5.087"/>
  <testcase classname="testng_parallel.testng_parallel" name="test3" time="5.087"/>
  <testcase classname="testng_parallel.testng_parallel" name="test1" time="5.087"/>
</testsuite> <!-- testng_parallel.testng_parallel -->
